2024-07-10 18:27:52.086 [info] Log level: Info
2024-07-10 18:27:52.086 [info] Validating found git in: "git"
2024-07-10 18:27:52.086 [info] Using git "2.43.0" from "git"
2024-07-10 18:27:52.086 [info] > git rev-parse --show-toplevel [2ms]
2024-07-10 18:27:52.086 [info] > git rev-parse --git-dir --git-common-dir [2ms]
2024-07-10 18:27:52.086 [info] Open repository: /workspace/project
2024-07-10 18:27:52.086 [info] > git config --get commit.template [5ms]
2024-07-10 18:27:52.086 [info] > git rev-parse --show-toplevel [27ms]
2024-07-10 18:27:52.086 [info] > git for-each-ref --format=%(refname)%00%(upstream:short)%00%(objectname)%00%(upstream:track)%00%(upstream:remotename)%00%(upstream:remoteref) refs/heads/main refs/remotes/main [27ms]
2024-07-10 18:27:52.086 [warning] ENOENT: no such file or directory, open '/workspace/project/.git/refs/remotes/origin/main'
2024-07-10 18:27:52.086 [info] > git rev-parse --show-toplevel [6ms]
2024-07-10 18:27:52.086 [info] > git rev-parse refs/remotes/origin/main [2ms]
2024-07-10 18:27:52.086 [info] > git status -z -uall [2ms]
2024-07-10 18:27:52.086 [info] > git for-each-ref --format=%(refname)%00%(upstream:short)%00%(objectname)%00%(upstream:track)%00%(upstream:remotename)%00%(upstream:remoteref) refs/heads/main refs/remotes/main [11ms]
2024-07-10 18:27:52.086 [info] > git config --get commit.template [6ms]
2024-07-10 18:27:52.086 [info] > git config --local branch.main.vscode-merge-base [6ms]
2024-07-10 18:27:52.086 [warning] git config failed: Failed to execute git
2024-07-10 18:27:52.086 [info] > git for-each-ref --format=%(refname)%00%(upstream:short)%00%(objectname)%00%(upstream:track)%00%(upstream:remotename)%00%(upstream:remoteref) refs/heads/main refs/remotes/main [7ms]
2024-07-10 18:27:52.086 [warning] ENOENT: no such file or directory, open '/workspace/project/.git/refs/remotes/origin/main'
2024-07-10 18:27:52.086 [info] > git rev-parse refs/remotes/origin/main [124ms]
2024-07-10 18:27:52.086 [info] > git reflog main --grep-reflog=branch: Created from *. [135ms]
2024-07-10 18:27:52.086 [info] > git status -z -uall [6ms]
2024-07-10 18:27:52.086 [info] > git for-each-ref --format=%(refname)%00%(upstream:short)%00%(objectname)%00%(upstream:track)%00%(upstream:remotename)%00%(upstream:remoteref) refs/heads/main refs/remotes/main [3ms]
2024-07-10 18:27:52.086 [info] > git symbolic-ref --short refs/remotes/origin/HEAD [14ms]
2024-07-10 18:27:52.086 [info] > git config --local branch.main.vscode-merge-base [6ms]
2024-07-10 18:27:52.086 [warning] git config failed: Failed to execute git
2024-07-10 18:27:52.086 [info] > git for-each-ref --format=%(refname)%00%(upstream:short)%00%(objectname)%00%(upstream:track)%00%(upstream:remotename)%00%(upstream:remoteref) refs/heads/origin/main refs/remotes/origin/main [9ms]
2024-07-10 18:27:52.086 [info] > git reflog main --grep-reflog=branch: Created from *. [9ms]
2024-07-10 18:27:52.086 [info] > git config --local branch.main.vscode-merge-base origin/main [6ms]
2024-07-10 18:27:52.092 [info] > git symbolic-ref --short refs/remotes/origin/HEAD [7ms]
2024-07-10 18:27:52.098 [info] > git config --get commit.template [7ms]
2024-07-10 18:27:52.103 [info] > git for-each-ref --format=%(refname)%00%(upstream:short)%00%(objectname)%00%(upstream:track)%00%(upstream:remotename)%00%(upstream:remoteref) refs/heads/origin/main refs/remotes/origin/main [6ms]
2024-07-10 18:27:52.112 [info] > git for-each-ref --format=%(refname)%00%(upstream:short)%00%(objectname)%00%(upstream:track)%00%(upstream:remotename)%00%(upstream:remoteref) refs/heads/main refs/remotes/main [10ms]
2024-07-10 18:27:52.114 [info] > git config --local branch.main.vscode-merge-base origin/main [7ms]
2024-07-10 18:27:52.120 [warning] ENOENT: no such file or directory, open '/workspace/project/.git/refs/remotes/origin/main'
2024-07-10 18:27:52.126 [info] > git rev-parse refs/remotes/origin/main [6ms]
2024-07-10 18:27:52.138 [info] > git config --get commit.template [13ms]
2024-07-10 18:27:52.145 [info] > git merge-base refs/heads/main refs/remotes/origin/main [13ms]
2024-07-10 18:27:52.154 [info] > git rev-list --count --left-right refs/heads/main...refs/remotes/origin/main [4ms]
2024-07-10 18:27:52.159 [info] > git for-each-ref --format=%(refname)%00%(upstream:short)%00%(objectname)%00%(upstream:track)%00%(upstream:remotename)%00%(upstream:remoteref) refs/heads/main refs/remotes/main [15ms]
2024-07-10 18:27:52.164 [warning] ENOENT: no such file or directory, open '/workspace/project/.git/refs/remotes/origin/main'
2024-07-10 18:27:52.164 [info] > git diff --name-status -z --diff-filter=ADMR ebef6c6b5a5bd079e5abd81c2740b1261740ce15...refs/remotes/origin/main [5ms]
2024-07-10 18:27:52.260 [info] > git rev-parse refs/remotes/origin/main [96ms]
2024-07-10 18:27:52.269 [info] > git status -z -uall [4ms]
2024-07-10 18:27:52.277 [info] > git for-each-ref --format=%(refname)%00%(upstream:short)%00%(objectname)%00%(upstream:track)%00%(upstream:remotename)%00%(upstream:remoteref) refs/heads/main refs/remotes/main [3ms]
2024-07-10 18:27:52.316 [info] > git config --local branch.main.vscode-merge-base [34ms]
2024-07-10 18:27:52.324 [info] > git for-each-ref --format=%(refname)%00%(upstream:short)%00%(objectname)%00%(upstream:track)%00%(upstream:remotename)%00%(upstream:remoteref) refs/heads/origin/main refs/remotes/origin/main [2ms]
2024-07-10 18:27:53.976 [info] > git config --local branch.main.github-pr-owner-number [1ms]
2024-07-10 18:27:53.976 [warning] git config failed: Failed to execute git
2024-07-10 18:28:01.679 [info] > git config --get commit.template [5ms]
2024-07-10 18:28:01.680 [info] > git for-each-ref --format=%(refname)%00%(upstream:short)%00%(objectname)%00%(upstream:track)%00%(upstream:remotename)%00%(upstream:remoteref) refs/heads/main refs/remotes/main [2ms]
2024-07-10 18:28:01.684 [warning] ENOENT: no such file or directory, open '/workspace/project/.git/refs/remotes/origin/main'
2024-07-10 18:28:01.686 [info] > git rev-parse refs/remotes/origin/main [2ms]
2024-07-10 18:28:01.693 [info] > git status -z -uall [2ms]
2024-07-10 18:28:01.701 [info] > git for-each-ref --format=%(refname)%00%(upstream:short)%00%(objectname)%00%(upstream:track)%00%(upstream:remotename)%00%(upstream:remoteref) refs/heads/main refs/remotes/main [2ms]
2024-07-10 18:28:01.708 [info] > git config --local branch.main.vscode-merge-base [2ms]
2024-07-10 18:28:01.714 [info] > git for-each-ref --format=%(refname)%00%(upstream:short)%00%(objectname)%00%(upstream:track)%00%(upstream:remotename)%00%(upstream:remoteref) refs/heads/origin/main refs/remotes/origin/main [2ms]
2024-07-10 18:28:09.535 [info] > git config --get commit.template [6ms]
2024-07-10 18:28:09.537 [info] > git for-each-ref --format=%(refname)%00%(upstream:short)%00%(objectname)%00%(upstream:track)%00%(upstream:remotename)%00%(upstream:remoteref) refs/heads/main refs/remotes/main [3ms]
2024-07-10 18:28:09.542 [warning] ENOENT: no such file or directory, open '/workspace/project/.git/refs/remotes/origin/main'
2024-07-10 18:28:09.543 [info] > git rev-parse refs/remotes/origin/main [2ms]
2024-07-10 18:28:09.551 [info] > git status -z -uall [3ms]
2024-07-10 18:28:09.564 [info] > git for-each-ref --format=%(refname)%00%(upstream:short)%00%(objectname)%00%(upstream:track)%00%(upstream:remotename)%00%(upstream:remoteref) refs/heads/main refs/remotes/main [7ms]
2024-07-10 18:28:09.572 [info] > git config --local branch.main.vscode-merge-base [1ms]
2024-07-10 18:28:09.580 [info] > git for-each-ref --format=%(refname)%00%(upstream:short)%00%(objectname)%00%(upstream:track)%00%(upstream:remotename)%00%(upstream:remoteref) refs/heads/origin/main refs/remotes/origin/main [2ms]
2024-07-10 18:28:09.590 [info] > git merge-base refs/heads/main refs/remotes/origin/main [3ms]
2024-07-10 18:28:09.599 [info] > git rev-list --count --left-right refs/heads/main...refs/remotes/origin/main [3ms]
2024-07-10 18:28:09.607 [info] > git diff --name-status -z --diff-filter=ADMR ebef6c6b5a5bd079e5abd81c2740b1261740ce15...refs/remotes/origin/main [2ms]
2024-07-10 18:28:09.658 [info] > git config --local branch.main.github-pr-owner-number [4ms]
2024-07-10 18:28:09.658 [warning] git config failed: Failed to execute git
2024-07-10 18:28:14.575 [info] > git config --get commit.template [6ms]
2024-07-10 18:28:14.577 [info] > git for-each-ref --format=%(refname)%00%(upstream:short)%00%(objectname)%00%(upstream:track)%00%(upstream:remotename)%00%(upstream:remoteref) refs/heads/main refs/remotes/main [2ms]
2024-07-10 18:28:14.582 [warning] ENOENT: no such file or directory, open '/workspace/project/.git/refs/remotes/origin/main'
2024-07-10 18:28:14.584 [info] > git rev-parse refs/remotes/origin/main [1ms]
2024-07-10 18:28:14.591 [info] > git status -z -uall [3ms]
2024-07-10 18:28:14.600 [info] > git for-each-ref --format=%(refname)%00%(upstream:short)%00%(objectname)%00%(upstream:track)%00%(upstream:remotename)%00%(upstream:remoteref) refs/heads/main refs/remotes/main [3ms]
2024-07-10 18:28:14.607 [info] > git config --local branch.main.vscode-merge-base [2ms]
2024-07-10 18:28:14.613 [info] > git for-each-ref --format=%(refname)%00%(upstream:short)%00%(objectname)%00%(upstream:track)%00%(upstream:remotename)%00%(upstream:remoteref) refs/heads/origin/main refs/remotes/origin/main [1ms]
2024-07-10 18:28:14.621 [info] > git merge-base refs/heads/main refs/remotes/origin/main [3ms]
2024-07-10 18:28:14.628 [info] > git rev-list --count --left-right refs/heads/main...refs/remotes/origin/main [2ms]
2024-07-10 18:28:14.635 [info] > git diff --name-status -z --diff-filter=ADMR ebef6c6b5a5bd079e5abd81c2740b1261740ce15...refs/remotes/origin/main [2ms]
2024-07-10 18:28:14.696 [info] > git config --local branch.main.github-pr-owner-number [2ms]
2024-07-10 18:28:14.696 [warning] git config failed: Failed to execute git
2024-07-10 18:28:19.613 [info] > git config --get commit.template [7ms]
2024-07-10 18:28:19.615 [info] > git for-each-ref --format=%(refname)%00%(upstream:short)%00%(objectname)%00%(upstream:track)%00%(upstream:remotename)%00%(upstream:remoteref) refs/heads/main refs/remotes/main [2ms]
2024-07-10 18:28:19.621 [warning] ENOENT: no such file or directory, open '/workspace/project/.git/refs/remotes/origin/main'
2024-07-10 18:28:19.622 [info] > git rev-parse refs/remotes/origin/main [2ms]
2024-07-10 18:28:19.629 [info] > git status -z -uall [2ms]
2024-07-10 18:28:19.638 [info] > git for-each-ref --format=%(refname)%00%(upstream:short)%00%(objectname)%00%(upstream:track)%00%(upstream:remotename)%00%(upstream:remoteref) refs/heads/main refs/remotes/main [2ms]
2024-07-10 18:28:19.644 [info] > git config --local branch.main.vscode-merge-base [1ms]
2024-07-10 18:28:19.652 [info] > git for-each-ref --format=%(refname)%00%(upstream:short)%00%(objectname)%00%(upstream:track)%00%(upstream:remotename)%00%(upstream:remoteref) refs/heads/origin/main refs/remotes/origin/main [3ms]
2024-07-10 18:32:53.884 [info] > git config --local branch.main.github-pr-owner-number [2ms]
2024-07-10 18:32:53.884 [warning] git config failed: Failed to execute git
2024-07-10 18:36:08.478 [info] > git config --get commit.template [5ms]
2024-07-10 18:36:08.481 [info] > git for-each-ref --format=%(refname)%00%(upstream:short)%00%(objectname)%00%(upstream:track)%00%(upstream:remotename)%00%(upstream:remoteref) refs/heads/main refs/remotes/main [3ms]
2024-07-10 18:36:08.486 [warning] ENOENT: no such file or directory, open '/workspace/project/.git/refs/remotes/origin/main'
2024-07-10 18:36:08.487 [info] > git rev-parse refs/remotes/origin/main [2ms]
2024-07-10 18:36:08.496 [info] > git status -z -uall [3ms]
2024-07-10 18:36:08.506 [info] > git for-each-ref --format=%(refname)%00%(upstream:short)%00%(objectname)%00%(upstream:track)%00%(upstream:remotename)%00%(upstream:remoteref) refs/heads/main refs/remotes/main [3ms]
2024-07-10 18:36:08.513 [info] > git config --local branch.main.vscode-merge-base [2ms]
2024-07-10 18:36:08.521 [info] > git for-each-ref --format=%(refname)%00%(upstream:short)%00%(objectname)%00%(upstream:track)%00%(upstream:remotename)%00%(upstream:remoteref) refs/heads/origin/main refs/remotes/origin/main [3ms]
2024-07-10 18:37:53.892 [info] > git config --local branch.main.github-pr-owner-number [2ms]
2024-07-10 18:37:53.892 [warning] git config failed: Failed to execute git
2024-07-10 18:42:53.900 [info] > git config --local branch.main.github-pr-owner-number [2ms]
2024-07-10 18:42:53.900 [warning] git config failed: Failed to execute git
2024-07-10 18:47:53.908 [info] > git config --local branch.main.github-pr-owner-number [2ms]
2024-07-10 18:47:53.908 [warning] git config failed: Failed to execute git
2024-07-10 18:52:53.917 [info] > git config --local branch.main.github-pr-owner-number [1ms]
2024-07-10 18:52:53.917 [warning] git config failed: Failed to execute git
2024-07-10 18:57:53.926 [info] > git config --local branch.main.github-pr-owner-number [2ms]
2024-07-10 18:57:53.926 [warning] git config failed: Failed to execute git
2024-07-10 19:02:53.935 [info] > git config --local branch.main.github-pr-owner-number [2ms]
2024-07-10 19:02:53.935 [warning] git config failed: Failed to execute git
