2024-07-14 03:38:47.964 [info] Log level: Info
2024-07-14 03:38:47.964 [info] VSCODE_MACHINE_ID: 0a034e37-a7b8-4e50-82c6-7e13a8ef42bd
2024-07-14 03:38:47.964 [info] VSCODE_SESSION_ID: d9dbb77d-9377-42c1-81f9-db035dcb94461720928330718
2024-07-14 03:38:47.964 [info] VSCODE_VERSION: 1.91.0
2024-07-14 03:38:47.964 [info] VSCODE_APP_NAME: Gitpod Code
2024-07-14 03:38:47.964 [info] VSCODE_APP_HOST: Gitpod
2024-07-14 03:38:47.964 [info] VSCODE_UI_KIND: web
2024-07-14 03:38:47.964 [info] GITPOD_WORKSPACE_CONTEXT_URL: https://github.com/freeCodeCamp/learn-celestial-bodies-database
2024-07-14 03:38:47.964 [info] GITPOD_INSTANCE_ID: c3ece511-a688-4ee2-9513-88ef228c433d
2024-07-14 03:38:47.964 [info] GITPOD_WORKSPACE_URL: https://freecodecam-learncelest-69jd855vqu1.ws-us115.gitpod.io
2024-07-14 03:38:47.964 [info] Gitpod Web 7ff72a2
2024-07-14 03:38:47.964 [info] Reading sessions from keychain...
2024-07-14 03:38:48.064 [info] Getting sessions for all scopes...
2024-07-14 03:38:48.064 [info] Getting GitHub sessions for all scopes...
2024-07-14 03:38:48.064 [info] Getting sessions for function:accessCodeSyncStorage...
2024-07-14 03:38:48.065 [info] Got stored sessions!
2024-07-14 03:38:48.065 [info] Verified session with the following scopes: function:accessCodeSyncStorage function:closePort function:controlAdmission function:deleteEnvVar function:generateNewGitpodToken function:getDefaultWorkspaceImage function:getEnvVars function:getGitpodTokenScopes function:getIDToken function:getLoggedInUser function:getOpenPorts function:getSupportedWorkspaceClasses function:getTeams function:getToken function:getWorkspace function:getWorkspaceEnvVars function:getWorkspaceOwner function:getWorkspaceTimeout function:getWorkspaceUsers function:guessGitTokenScopes function:isWorkspaceOwner function:openPort function:sendHeartBeat function:setEnvVar function:setWorkspaceTimeout function:stopWorkspace function:takeSnapshot function:trackEvent function:updateGitStatus function:waitForSnapshot resource:contentBlob::*::create/get resource:envVar::freeCodeCamp/learn-celestial-bodies-database::create/get/update/delete resource:gitpodToken::*::create resource:snapshot::ws-freecodecam-learncelest-69jd855vqu1::create resource:token::*::get resource:userStorage::*::create/get/update resource:workspace::freecodecam-learncelest-69jd855vqu1::get/update resource:workspaceInstance::c3ece511-a688-4ee2-9513-88ef228c433d::get/update/delete
2024-07-14 03:38:48.065 [info] Got 1 verified sessions.
2024-07-14 03:38:48.065 [info] Got 1 sessions for all scopes...
2024-07-14 03:38:48.065 [info] Got 1 sessions for function:accessCodeSyncStorage...
2024-07-14 03:38:48.293 [info] Got 1 GitHub sessions for all scopes...
2024-07-14 03:38:48.386 [info] Getting sessions for all scopes...
2024-07-14 03:38:48.386 [info] Got 1 sessions for all scopes...
2024-07-14 03:38:48.610 [info] Getting GitHub sessions for all scopes...
2024-07-14 03:38:48.610 [info] Got 1 GitHub sessions for all scopes...
2024-07-14 03:38:48.973 [info] Getting GitHub sessions for read:user,repo,user:email,workflow...
2024-07-14 03:38:48.973 [info] Got 0 GitHub sessions for read:user,repo,user:email,workflow...
2024-07-14 03:38:49.490 [info] Getting GitHub sessions for project,read:org,read:user,repo,user:email,workflow...
2024-07-14 03:38:49.490 [info] Got 0 GitHub sessions for project,read:org,read:user,repo,user:email,workflow...
2024-07-14 03:38:49.797 [info] Getting GitHub sessions for read:user,repo,user:email,workflow...
2024-07-14 03:38:49.797 [info] Got 0 GitHub sessions for read:user,repo,user:email,workflow...
2024-07-14 03:38:50.043 [info] Getting GitHub sessions for read:user,repo,user:email...
2024-07-14 03:38:50.044 [info] Got 0 GitHub sessions for read:user,repo,user:email...
2024-07-14 03:38:50.279 [info] Getting GitHub sessions for read:user,repo,user:email,workflow...
2024-07-14 03:38:50.279 [info] Got 0 GitHub sessions for read:user,repo,user:email,workflow...
2024-07-14 03:41:27.538 [info] Getting GitHub sessions for read:user,repo,user:email,workflow...
2024-07-14 03:41:27.538 [info] Got 0 GitHub sessions for read:user,repo,user:email,workflow...
2024-07-14 03:43:30.422 [info] Getting GitHub sessions for read:user,repo,user:email,workflow...
2024-07-14 03:43:30.422 [info] Got 0 GitHub sessions for read:user,repo,user:email,workflow...
2024-07-14 03:43:48.100 [error] GitHub sign in failed:  5 NOT_FOUND: no token available
2024-07-14 03:45:31.851 [info] Getting GitHub sessions for read:user,repo,user:email,workflow...
2024-07-14 03:45:31.851 [info] Got 0 GitHub sessions for read:user,repo,user:email,workflow...
2024-07-14 03:45:36.939 [error] GitHub sign in failed:  5 NOT_FOUND: no token available
2024-07-14 03:49:34.006 [info] Getting GitHub sessions for project,read:org,read:user,repo,user:email,workflow...
2024-07-14 03:49:34.006 [info] Got 0 GitHub sessions for project,read:org,read:user,repo,user:email,workflow...
2024-07-14 03:49:34.243 [info] Getting GitHub sessions for read:user,repo,user:email,workflow...
2024-07-14 03:49:34.243 [info] Got 0 GitHub sessions for read:user,repo,user:email,workflow...
2024-07-14 03:49:34.474 [info] Getting GitHub sessions for read:user,repo,user:email...
2024-07-14 03:49:34.474 [info] Got 0 GitHub sessions for read:user,repo,user:email...
2024-07-14 03:49:34.783 [info] Getting GitHub sessions for read:user,repo,user:email,workflow...
2024-07-14 03:49:34.783 [info] Got 0 GitHub sessions for read:user,repo,user:email,workflow...
2024-07-14 03:49:34.927 [info] Getting GitHub sessions for project,read:org,read:user,repo,user:email,workflow...
2024-07-14 03:49:34.927 [info] Got 0 GitHub sessions for project,read:org,read:user,repo,user:email,workflow...
2024-07-14 03:49:38.569 [error] GitHub sign in failed:  5 NOT_FOUND: no token available
