2024-07-13 22:59:24.209 [info] Log level: Info
2024-07-13 22:59:24.209 [info] VSCODE_MACHINE_ID: someValue.machineId
2024-07-13 22:59:24.209 [info] VSCODE_SESSION_ID: someValue.sessionId
2024-07-13 22:59:24.209 [info] VSCODE_VERSION: 1.91.0
2024-07-13 22:59:24.209 [info] VSCODE_APP_NAME: Gitpod Code
2024-07-13 22:59:24.209 [info] VSCODE_APP_HOST: Gitpod
2024-07-13 22:59:24.209 [info] VSCODE_UI_KIND: web
2024-07-13 22:59:24.209 [info] GITPOD_WORKSPACE_CONTEXT_URL: https://github.com/freeCodeCamp/learn-celestial-bodies-database
2024-07-13 22:59:24.209 [info] GITPOD_INSTANCE_ID: 7b5f9e6e-c3b6-4120-9175-144839f766d7
2024-07-13 22:59:24.209 [info] GITPOD_WORKSPACE_URL: https://freecodecam-learncelest-69jd855vqu1.ws-us115.gitpod.io
2024-07-13 22:59:24.209 [info] Gitpod Web 7ff72a2
2024-07-13 22:59:24.209 [info] Reading sessions from keychain...
2024-07-13 22:59:24.317 [info] Getting sessions for all scopes...
2024-07-13 22:59:24.317 [info] Getting GitHub sessions for all scopes...
2024-07-13 22:59:24.317 [info] Getting sessions for function:accessCodeSyncStorage...
2024-07-13 22:59:24.318 [info] Got stored sessions!
2024-07-13 22:59:24.318 [info] Verified session with the following scopes: function:accessCodeSyncStorage function:closePort function:controlAdmission function:deleteEnvVar function:generateNewGitpodToken function:getDefaultWorkspaceImage function:getEnvVars function:getGitpodTokenScopes function:getIDToken function:getLoggedInUser function:getOpenPorts function:getSupportedWorkspaceClasses function:getTeams function:getToken function:getWorkspace function:getWorkspaceEnvVars function:getWorkspaceOwner function:getWorkspaceTimeout function:getWorkspaceUsers function:guessGitTokenScopes function:isWorkspaceOwner function:openPort function:sendHeartBeat function:setEnvVar function:setWorkspaceTimeout function:stopWorkspace function:takeSnapshot function:trackEvent function:updateGitStatus function:waitForSnapshot resource:contentBlob::*::create/get resource:envVar::freeCodeCamp/learn-celestial-bodies-database::create/get/update/delete resource:gitpodToken::*::create resource:snapshot::ws-freecodecam-learncelest-69jd855vqu1::create resource:token::*::get resource:userStorage::*::create/get/update resource:workspace::freecodecam-learncelest-69jd855vqu1::get/update resource:workspaceInstance::7b5f9e6e-c3b6-4120-9175-144839f766d7::get/update/delete
2024-07-13 22:59:24.320 [info] Got 1 verified sessions.
2024-07-13 22:59:24.320 [info] Got 1 sessions for all scopes...
2024-07-13 22:59:24.320 [info] Got 1 sessions for function:accessCodeSyncStorage...
2024-07-13 22:59:24.522 [info] Getting sessions for all scopes...
2024-07-13 22:59:24.523 [info] Got 1 sessions for all scopes...
2024-07-13 22:59:24.561 [info] Got 1 GitHub sessions for all scopes...
2024-07-13 22:59:24.704 [info] Getting GitHub sessions for read:user,repo,user:email,workflow...
2024-07-13 22:59:24.704 [info] Getting GitHub sessions for all scopes...
2024-07-13 22:59:24.704 [info] Got 0 GitHub sessions for read:user,repo,user:email,workflow...
2024-07-13 22:59:24.704 [info] Got 1 GitHub sessions for all scopes...
2024-07-13 22:59:24.857 [info] Getting GitHub sessions for project,read:org,read:user,repo,user:email,workflow...
2024-07-13 22:59:24.857 [info] Got 0 GitHub sessions for project,read:org,read:user,repo,user:email,workflow...
2024-07-13 22:59:25.082 [info] Getting GitHub sessions for read:user,repo,user:email,workflow...
2024-07-13 22:59:25.082 [info] Got 0 GitHub sessions for read:user,repo,user:email,workflow...
2024-07-13 22:59:25.304 [info] Getting GitHub sessions for read:user,repo,user:email...
2024-07-13 22:59:25.304 [info] Got 0 GitHub sessions for read:user,repo,user:email...
2024-07-13 22:59:25.654 [info] Getting GitHub sessions for read:user,repo,user:email,workflow...
2024-07-13 22:59:25.654 [info] Got 0 GitHub sessions for read:user,repo,user:email,workflow...
