2024-07-10 18:27:51.424 [info] Log level: Info
2024-07-10 18:27:51.432 [info] VSCODE_MACHINE_ID: 0a034e37-a7b8-4e50-82c6-7e13a8ef42bd
2024-07-10 18:27:51.432 [info] VSCODE_SESSION_ID: 251ca09d-19e3-4907-abbf-2230b74a47a11720636071201
2024-07-10 18:27:51.432 [info] VSCODE_VERSION: 1.91.0
2024-07-10 18:27:51.432 [info] VSCODE_APP_NAME: Gitpod Code
2024-07-10 18:27:51.432 [info] VSCODE_APP_HOST: Gitpod
2024-07-10 18:27:51.432 [info] VSCODE_UI_KIND: web
2024-07-10 18:27:51.432 [info] GITPOD_WORKSPACE_CONTEXT_URL: https://github.com/freeCodeCamp/learn-celestial-bodies-database
2024-07-10 18:27:51.432 [info] GITPOD_INSTANCE_ID: 7dbc063c-f86f-46d1-90cc-b737a57b491f
2024-07-10 18:27:51.432 [info] GITPOD_WORKSPACE_URL: https://freecodecam-learncelest-69jd855vqu1.ws-us115.gitpod.io
2024-07-10 18:27:51.440 [info] Gitpod Web 7ff72a2
2024-07-10 18:27:51.440 [info] Reading sessions from keychain...
2024-07-10 18:27:51.555 [info] Getting sessions for all scopes...
2024-07-10 18:27:51.555 [info] Getting GitHub sessions for all scopes...
2024-07-10 18:27:51.556 [info] Getting sessions for function:accessCodeSyncStorage...
2024-07-10 18:27:51.556 [info] Got stored sessions!
2024-07-10 18:27:51.556 [info] Verified session with the following scopes: function:accessCodeSyncStorage function:closePort function:controlAdmission function:deleteEnvVar function:generateNewGitpodToken function:getDefaultWorkspaceImage function:getEnvVars function:getGitpodTokenScopes function:getIDToken function:getLoggedInUser function:getOpenPorts function:getSupportedWorkspaceClasses function:getTeams function:getToken function:getWorkspace function:getWorkspaceEnvVars function:getWorkspaceOwner function:getWorkspaceTimeout function:getWorkspaceUsers function:guessGitTokenScopes function:isWorkspaceOwner function:openPort function:sendHeartBeat function:setEnvVar function:setWorkspaceTimeout function:stopWorkspace function:takeSnapshot function:trackEvent function:updateGitStatus function:waitForSnapshot resource:contentBlob::*::create/get resource:envVar::freeCodeCamp/learn-celestial-bodies-database::create/get/update/delete resource:gitpodToken::*::create resource:snapshot::ws-freecodecam-learncelest-69jd855vqu1::create resource:token::*::get resource:userStorage::*::create/get/update resource:workspace::freecodecam-learncelest-69jd855vqu1::get/update resource:workspaceInstance::7dbc063c-f86f-46d1-90cc-b737a57b491f::get/update/delete
2024-07-10 18:27:51.556 [info] Got 1 verified sessions.
2024-07-10 18:27:51.556 [info] Got 1 sessions for all scopes...
2024-07-10 18:27:51.556 [info] Got 1 sessions for function:accessCodeSyncStorage...
2024-07-10 18:27:51.649 [info] Got 1 GitHub sessions for all scopes...
2024-07-10 18:27:51.763 [info] Getting sessions for all scopes...
2024-07-10 18:27:51.763 [info] Got 1 sessions for all scopes...
2024-07-10 18:27:51.803 [info] Getting GitHub sessions for all scopes...
2024-07-10 18:27:51.803 [info] Got 1 GitHub sessions for all scopes...
2024-07-10 18:27:52.441 [info] Getting GitHub sessions for read:user,repo,user:email,workflow...
2024-07-10 18:27:52.441 [info] Got 0 GitHub sessions for read:user,repo,user:email,workflow...
2024-07-10 18:27:52.922 [info] Getting GitHub sessions for project,read:org,read:user,repo,user:email,workflow...
2024-07-10 18:27:52.922 [info] Got 0 GitHub sessions for project,read:org,read:user,repo,user:email,workflow...
2024-07-10 18:27:53.207 [info] Getting GitHub sessions for read:user,repo,user:email,workflow...
2024-07-10 18:27:53.207 [info] Got 0 GitHub sessions for read:user,repo,user:email,workflow...
2024-07-10 18:27:53.530 [info] Getting GitHub sessions for read:user,repo,user:email...
2024-07-10 18:27:53.530 [info] Got 0 GitHub sessions for read:user,repo,user:email...
2024-07-10 18:27:53.781 [info] Getting GitHub sessions for read:user,repo,user:email,workflow...
2024-07-10 18:27:53.781 [info] Got 0 GitHub sessions for read:user,repo,user:email,workflow...
