2024-07-14 02:02:40.274 [info] Log level: Info
2024-07-14 02:02:40.274 [info] VSCODE_MACHINE_ID: someValue.machineId
2024-07-14 02:02:40.274 [info] VSCODE_SESSION_ID: someValue.sessionId
2024-07-14 02:02:40.274 [info] VSCODE_VERSION: 1.91.0
2024-07-14 02:02:40.274 [info] VSCODE_APP_NAME: Gitpod Code
2024-07-14 02:02:40.274 [info] VSCODE_APP_HOST: Gitpod
2024-07-14 02:02:40.274 [info] VSCODE_UI_KIND: web
2024-07-14 02:02:40.274 [info] GITPOD_WORKSPACE_CONTEXT_URL: https://github.com/freeCodeCamp/learn-celestial-bodies-database
2024-07-14 02:02:40.274 [info] GITPOD_INSTANCE_ID: c3ece511-a688-4ee2-9513-88ef228c433d
2024-07-14 02:02:40.274 [info] GITPOD_WORKSPACE_URL: https://freecodecam-learncelest-69jd855vqu1.ws-us115.gitpod.io
2024-07-14 02:02:40.274 [info] Gitpod Web 7ff72a2
2024-07-14 02:02:40.274 [info] Reading sessions from keychain...
2024-07-14 02:02:40.372 [info] Getting sessions for all scopes...
2024-07-14 02:02:40.372 [info] Getting GitHub sessions for all scopes...
2024-07-14 02:02:40.372 [info] Getting sessions for function:accessCodeSyncStorage...
2024-07-14 02:02:40.372 [info] Got stored sessions!
2024-07-14 02:02:40.372 [info] Verified session with the following scopes: function:accessCodeSyncStorage function:closePort function:controlAdmission function:deleteEnvVar function:generateNewGitpodToken function:getDefaultWorkspaceImage function:getEnvVars function:getGitpodTokenScopes function:getIDToken function:getLoggedInUser function:getOpenPorts function:getSupportedWorkspaceClasses function:getTeams function:getToken function:getWorkspace function:getWorkspaceEnvVars function:getWorkspaceOwner function:getWorkspaceTimeout function:getWorkspaceUsers function:guessGitTokenScopes function:isWorkspaceOwner function:openPort function:sendHeartBeat function:setEnvVar function:setWorkspaceTimeout function:stopWorkspace function:takeSnapshot function:trackEvent function:updateGitStatus function:waitForSnapshot resource:contentBlob::*::create/get resource:envVar::freeCodeCamp/learn-celestial-bodies-database::create/get/update/delete resource:gitpodToken::*::create resource:snapshot::ws-freecodecam-learncelest-69jd855vqu1::create resource:token::*::get resource:userStorage::*::create/get/update resource:workspace::freecodecam-learncelest-69jd855vqu1::get/update resource:workspaceInstance::c3ece511-a688-4ee2-9513-88ef228c433d::get/update/delete
2024-07-14 02:02:40.372 [info] Got 1 verified sessions.
2024-07-14 02:02:40.372 [info] Got 1 sessions for all scopes...
2024-07-14 02:02:40.372 [info] Got 1 sessions for function:accessCodeSyncStorage...
2024-07-14 02:02:40.549 [info] Getting sessions for all scopes...
2024-07-14 02:02:40.549 [info] Got 1 sessions for all scopes...
2024-07-14 02:02:40.643 [info] Got 1 GitHub sessions for all scopes...
2024-07-14 02:02:40.997 [info] Getting GitHub sessions for all scopes...
2024-07-14 02:02:40.997 [info] Got 1 GitHub sessions for all scopes...
2024-07-14 02:02:41.092 [info] Getting GitHub sessions for read:user,repo,user:email,workflow...
2024-07-14 02:02:41.092 [info] Got 0 GitHub sessions for read:user,repo,user:email,workflow...
2024-07-14 02:02:41.338 [info] Getting GitHub sessions for project,read:org,read:user,repo,user:email,workflow...
2024-07-14 02:02:41.338 [info] Got 0 GitHub sessions for project,read:org,read:user,repo,user:email,workflow...
2024-07-14 02:02:41.634 [info] Getting GitHub sessions for read:user,repo,user:email,workflow...
2024-07-14 02:02:41.634 [info] Got 0 GitHub sessions for read:user,repo,user:email,workflow...
2024-07-14 02:02:41.938 [info] Getting GitHub sessions for read:user,repo,user:email...
2024-07-14 02:02:41.938 [info] Got 0 GitHub sessions for read:user,repo,user:email...
2024-07-14 02:02:42.169 [info] Getting GitHub sessions for read:user,repo,user:email,workflow...
2024-07-14 02:02:42.169 [info] Got 0 GitHub sessions for read:user,repo,user:email,workflow...
