2024-07-14 02:02:41.083 [warning] /home/gitpod/.ssh/config: ENOENT: no such file or directory, open '/home/gitpod/.ssh/config'
2024-07-14 02:02:41.083 [info] Activation> Extension version: 0.92.0
2024-07-14 02:02:42.251 [info] Looking for git repository
2024-07-14 02:02:42.251 [info] Found 0 repositories during activation
2024-07-14 02:02:42.251 [info] Git repository found, initializing review manager and pr tree view.
2024-07-14 02:02:42.255 [info] Registering git provider
2024-07-14 02:02:42.255 [info] Review+0> Validate state in progress
2024-07-14 02:02:42.255 [info] Review+0> Validating state...
2024-07-14 02:02:42.343 [info] Found GitHub remote for folder /workspace/project
2024-07-14 02:02:42.344 [info] Trying to use globalState for assignableUsers.
2024-07-14 02:02:42.355 [info] Review+0> No matching pull request metadata found locally for current branch main
2024-07-14 02:02:42.355 [info] Review+0> No matching pull request metadata found on GitHub for current branch main
2024-07-14 02:02:42.440 [info] GlobalState does not exist for assignableUsers.
2024-07-14 02:02:42.670 [info] Repo state for file:///workspace/project changed.
2024-07-14 02:02:42.670 [info] Repo file:///workspace/project has already been setup.
2024-07-14 03:38:37.771 [info] Review+0> Validate state in progress
2024-07-14 03:38:37.771 [info] Review+0> Validating state...
2024-07-14 03:38:37.859 [info] Found GitHub remote for folder /workspace/project
2024-07-14 03:38:37.860 [info] Using in-memory cached assignable users.
2024-07-14 03:38:37.868 [info] Review+0> No matching pull request metadata found locally for current branch main
2024-07-14 03:38:37.869 [info] Review+0> No matching pull request metadata found on GitHub for current branch main
