2024-07-13 22:59:21.848 [info] Extension host with pid 399 started
2024-07-13 22:59:21.848 [error] Error: EEXIST: file already exists, open '/workspace/.vscode-remote/data/User/workspaceStorage/-4880169d/vscode.lock'
2024-07-13 22:59:21.850 [info] Lock '/workspace/.vscode-remote/data/User/workspaceStorage/-4880169d/vscode.lock': Could not acquire lock, checking if the file is stale.
2024-07-13 22:59:21.851 [info] Lock '/workspace/.vscode-remote/data/User/workspaceStorage/-4880169d/vscode.lock': The lock looks stale, waiting for 2s.
2024-07-13 22:59:21.975 [info] ExtensionService#_doActivateExtension gitpod.gitpod-web, startup: false, activationEvent: 'onAuthenticationRequest:gitpod'
2024-07-13 22:59:22.977 [info] ExtensionService#_doActivateExtension vscode.git-base, startup: true, activationEvent: '*', root cause: vscode.git
2024-07-13 22:59:23.851 [info] Lock '/workspace/.vscode-remote/data/User/workspaceStorage/-4880169d/vscode.lock': The lock looks stale even after waiting for 2s.
2024-07-13 22:59:23.851 [info] Lock '/workspace/.vscode-remote/data/User/workspaceStorage/-4880169d/vscode.lock': Deleting a stale lock.
2024-07-13 22:59:23.855 [info] Lock '/workspace/.vscode-remote/data/User/workspaceStorage/-4880169d/vscode.lock': Lock acquired.
2024-07-13 22:59:23.946 [info] ExtensionService#_doActivateExtension vscode.git, startup: true, activationEvent: '*'
2024-07-13 22:59:23.947 [info] ExtensionService#_doActivateExtension vscode.github, startup: true, activationEvent: '*'
2024-07-13 22:59:24.167 [info] Eager extensions activated
2024-07-13 22:59:24.168 [info] ExtensionService#_doActivateExtension vscode.debug-auto-launch, startup: false, activationEvent: 'onStartupFinished'
2024-07-13 22:59:24.168 [info] ExtensionService#_doActivateExtension vscode.merge-conflict, startup: false, activationEvent: 'onStartupFinished'
2024-07-13 22:59:24.168 [info] ExtensionService#_doActivateExtension vscode.github-authentication, startup: false, activationEvent: 'onStartupFinished', root cause: GitHub.vscode-pull-request-github
2024-07-13 22:59:24.320 [info] ExtensionService#_doActivateExtension GitHub.vscode-pull-request-github, startup: false, activationEvent: 'onStartupFinished'
2024-07-13 22:59:24.423 [info] ExtensionService#_doActivateExtension vscode.emmet, startup: false, activationEvent: 'onLanguage'
2024-07-13 22:59:24.587 [info] ExtensionService#_doActivateExtension redhat.vscode-yaml, startup: false, activationEvent: 'onLanguage:yaml'
2024-07-13 22:59:25.030 [warning] [redhat.vscode-yaml] Accessing a resource scoped configuration without providing a resource is not expected. To get the effective value for '[yaml]', provide the URI of a resource or 'null' for any resource.
2024-07-13 22:59:25.031 [warning] [redhat.vscode-yaml] Accessing a resource scoped configuration without providing a resource is not expected. To get the effective value for '[yaml]', provide the URI of a resource or 'null' for any resource.
2024-07-13 22:59:25.368 [info] ExtensionService#_doActivateExtension vscode.configuration-editing, startup: false, activationEvent: 'onLanguage:jsonc'
2024-07-13 22:59:25.368 [info] ExtensionService#_doActivateExtension vscode.json-language-features, startup: false, activationEvent: 'onLanguage:jsonc'
2024-07-13 22:59:25.368 [info] ExtensionService#_doActivateExtension vscode.typescript-language-features, startup: false, activationEvent: 'onLanguage:jsonc'
2024-07-13 23:01:09.923 [info] ExtensionService#_doActivateExtension CodeRoad.coderoad, startup: false, activationEvent: 'onCommand:coderoad.start'
2024-07-13 23:01:29.289 [info] ExtensionService#_doActivateExtension vscode.npm, startup: false, activationEvent: 'onTerminalQuickFixRequest:ms-vscode.npm-command'
